#
# A fatal error has been detected by the Java Runtime Environment:
#
#  EXCEPTION_ACCESS_VIOLATION (0xc0000005) at pc=0x0000000000000000, pid=5828, tid=7112
#
# JRE version: Java(TM) SE Runtime Environment (8.0_20-b23) (build 1.8.0_20-ea-b23)
# Java VM: Java HotSpot(TM) 64-Bit Server VM (25.20-b22 mixed mode windows-amd64 compressed oops)
# Problematic frame:
# C  0x0000000000000000
#
# Failed to write core dump. Minidumps are not enabled by default on client versions of Windows
#
# If you would like to submit a bug report, please visit:
#   http://bugreport.sun.com/bugreport/crash.jsp
# The crash happened outside the Java Virtual Machine in native code.
# See problematic frame for where to report the bug.
#

---------------  T H R E A D  ---------------

Current thread (0x0000000057dcf000):  JavaThread "LWJGL Application" [_thread_in_native, id=7112, stack(0x0000000059650000,0x0000000059750000)]

siginfo: ExceptionCode=0xc0000005, ExceptionInformation=0x0000000000000008 0x0000000000000000

Registers:
RAX=0x00000000001fceb0, RBX=0x0000000000446750, RCX=0x0000000000442660, RDX=0x0000000000428750
RSP=0x000000005974f0b8, RBP=0x0000000000428750, RSI=0x000000005974f180, RDI=0x0000000000428750
R8 =0x0000000000442800, R9 =0x000000005974f180, R10=0x0000000002735b28, R11=0x00000000605c1280
R12=0x0000000000000000, R13=0x0000000055e1d388, R14=0x000000005974f300, R15=0x0000000057dcf000
RIP=0x0000000000000000, EFLAGS=0x0000000000010206

Top of Stack: (sp=0x000000005974f0b8)
0x000000005974f0b8:   0000000066be047c 00000000000000b6
0x000000005974f0c8:   000000005974f200 000000000000000d
0x000000005974f0d8:   0000000000442800 0000000055820488
0x000000005974f0e8:   0000000000442800 0000000000446750
0x000000005974f0f8:   0000000000428750 000000005974f180
0x000000005974f108:   0000000066bdf2d9 000000000000000d
0x000000005974f118:   000000006049b3bd 0000000057dcf000
0x000000005974f128:   000000005974f168 000000005974f370
0x000000005974f138:   0000000055e1d388 0000000055820488
0x000000005974f148:   000000000002b998 000000005974f288
0x000000005974f158:   0000000066be64bd 00000000000000b6
0x000000005974f168:   000000005974f2a8 000000000000000d
0x000000005974f178:   0000000055e29700 0000000000442660
0x000000005974f188:   0000000000000000 3f19999a00000000
0x000000005974f198:   000100003f000000 000000000000ffff
0x000000005974f1a8:   000000005974f2a0 0000000055e28900 

Instructions: (pc=0x0000000000000000)
0xffffffffffffffe0:   


Register to memory mapping:

RAX=0x00000000001fceb0 is an unknown value
RBX=0x0000000000446750 is an unknown value
RCX=0x0000000000442660 is an unknown value
RDX=0x0000000000428750 is an unknown value
RSP=0x000000005974f0b8 is pointing into the stack for thread: 0x0000000057dcf000
RBP=0x0000000000428750 is an unknown value
RSI=0x000000005974f180 is pointing into the stack for thread: 0x0000000057dcf000
RDI=0x0000000000428750 is an unknown value
R8 =0x0000000000442800 is an unknown value
R9 =0x000000005974f180 is pointing into the stack for thread: 0x0000000057dcf000
R10=0x0000000002735b28 is at code_begin+840 in an Interpreter codelet
method entry point (kind = native)  [0x00000000027357e0, 0x0000000002736140]  2400 bytes
R11=0x00000000605c1280 is an unknown value
R12=0x0000000000000000 is an unknown value
R13={method} {0x0000000055e1d390} 'jniCreateFixture' '(JJFFFZSSS)J' in 'com/badlogic/gdx/physics/box2d/Body'
R14=0x000000005974f300 is pointing into the stack for thread: 0x0000000057dcf000
R15=0x0000000057dcf000 is a thread


Stack: [0x0000000059650000,0x0000000059750000],  sp=0x000000005974f0b8,  free space=1020k
Native frames: (J=compiled Java code, j=interpreted, Vv=VM code, C=native code)

Java frames: (J=compiled Java code, j=interpreted, Vv=VM code)
j  com.badlogic.gdx.physics.box2d.Body.jniCreateFixture(JJFFFZSSS)J+0
j  com.badlogic.gdx.physics.box2d.Body.createFixture(Lcom/badlogic/gdx/physics/box2d/FixtureDef;)Lcom/badlogic/gdx/physics/box2d/Fixture;+49
j  com.mygdx.game.PhysicalBody$1.keyDown(I)Z+158
j  com.badlogic.gdx.backends.lwjgl.LwjglInput.processEvents()V+98
j  com.badlogic.gdx.backends.lwjgl.LwjglApplication.mainLoop()V+586
j  com.badlogic.gdx.backends.lwjgl.LwjglApplication$1.run()V+27
v  ~StubRoutines::call_stub

---------------  P R O C E S S  ---------------

Java Threads: ( => current thread )
  0x0000000059c42000 JavaThread "LWJGL Timer" daemon [_thread_blocked, id=5528, stack(0x000000005e250000,0x000000005e350000)]
  0x000000000025f000 JavaThread "DestroyJavaVM" [_thread_blocked, id=6328, stack(0x00000000022c0000,0x00000000023c0000)]
=>0x0000000057dcf000 JavaThread "LWJGL Application" [_thread_in_native, id=7112, stack(0x0000000059650000,0x0000000059750000)]
  0x0000000057b21800 JavaThread "Service Thread" daemon [_thread_blocked, id=6592, stack(0x0000000058120000,0x0000000058220000)]
  0x0000000057ab9800 JavaThread "C1 CompilerThread2" daemon [_thread_blocked, id=2688, stack(0x00000000582b0000,0x00000000583b0000)]
  0x0000000057ab4800 JavaThread "C2 CompilerThread1" daemon [_thread_blocked, id=5180, stack(0x0000000057ed0000,0x0000000057fd0000)]
  0x000000005621a800 JavaThread "C2 CompilerThread0" daemon [_thread_blocked, id=6572, stack(0x0000000058010000,0x0000000058110000)]
  0x0000000056219000 JavaThread "Attach Listener" daemon [_thread_blocked, id=4280, stack(0x00000000579a0000,0x0000000057aa0000)]
  0x0000000056216000 JavaThread "Signal Dispatcher" daemon [_thread_blocked, id=5208, stack(0x00000000577c0000,0x00000000578c0000)]
  0x00000000561b5800 JavaThread "Finalizer" daemon [_thread_blocked, id=7020, stack(0x00000000575e0000,0x00000000576e0000)]
  0x00000000561ac800 JavaThread "Reference Handler" daemon [_thread_blocked, id=5980, stack(0x0000000057420000,0x0000000057520000)]

Other Threads:
  0x00000000561a6800 VMThread [stack: 0x00000000572e0000,0x00000000573e0000] [id=6836]
  0x0000000057b25000 WatcherThread [stack: 0x00000000584c0000,0x00000000585c0000] [id=6792]

VM state:not at safepoint (normal execution)

VM Mutex/Monitor currently owned by a thread: None

Heap:
 PSYoungGen      total 28672K, used 11993K [0x00000000e0400000, 0x00000000e2400000, 0x0000000100000000)
  eden space 24576K, 48% used [0x00000000e0400000,0x00000000e0fb6700,0x00000000e1c00000)
  from space 4096K, 0% used [0x00000000e2000000,0x00000000e2000000,0x00000000e2400000)
  to   space 4096K, 0% used [0x00000000e1c00000,0x00000000e1c00000,0x00000000e2000000)
 ParOldGen       total 65536K, used 0K [0x00000000a0c00000, 0x00000000a4c00000, 0x00000000e0400000)
  object space 65536K, 0% used [0x00000000a0c00000,0x00000000a0c00000,0x00000000a4c00000)
 Metaspace       used 6593K, capacity 6915K, committed 7168K, reserved 1056768K
  class space    used 611K, capacity 656K, committed 768K, reserved 1048576K

Card table byte_map: [0x0000000011ae0000,0x0000000011de0000] byte_map_base: 0x00000000115da000

Marking Bits: (ParMarkBitMap*) 0x0000000060b8b460
 Begin Bits: [0x0000000012580000, 0x0000000013d50000)
 End Bits:   [0x0000000013d50000, 0x0000000015520000)

Polling page: 0x0000000000230000

CodeCache: size=245760Kb used=2283Kb max_used=2294Kb free=243476Kb
 bounds [0x0000000002720000, 0x0000000002990000, 0x0000000011720000]
 total_blobs=972 nmethods=512 adapters=374
 compilation: enabled

Compilation events (10 events):
Event: 1.636 Thread 0x0000000057ab9800  508       3       com.badlogic.gdx.utils.Array$ArrayIterable::iterator (113 bytes)
Event: 1.636 Thread 0x0000000057ab9800 nmethod 508 0x000000000295ba50 code [0x000000000295bbe0, 0x000000000295c070]
Event: 1.636 Thread 0x0000000057ab9800  509       3       com.badlogic.gdx.utils.ObjectIntMap::get (84 bytes)
Event: 1.637 Thread 0x0000000057ab9800 nmethod 509 0x000000000295ad90 code [0x000000000295af60, 0x000000000295b688]
Event: 1.718 Thread 0x0000000057ab9800  510       3       org.lwjgl.opengl.Display::getPixelScaleFactor (9 bytes)
Event: 1.719 Thread 0x0000000057ab9800 nmethod 510 0x000000000295a990 code [0x000000000295ab20, 0x000000000295acd0]
Event: 1.719 Thread 0x0000000057ab9800  511       3       org.lwjgl.opengl.WindowsDisplay::getPixelScaleFactor (2 bytes)
Event: 1.719 Thread 0x0000000057ab9800 nmethod 511 0x000000000295a650 code [0x000000000295a7c0, 0x000000000295a910]
Event: 1.735 Thread 0x0000000057ab4800  512       4       java.nio.Buffer::flip (20 bytes)
Event: 1.736 Thread 0x0000000057ab4800 nmethod 512 0x0000000002957b50 code [0x0000000002957c80, 0x0000000002957cd8]

GC Heap History (0 events):
No events

Deoptimization events (0 events):
No events

Internal exceptions (10 events):
Event: 0.739 Thread 0x0000000057dcf000 Exception <a 'java/security/PrivilegedActionException'> (0x00000000e0f3c210) thrown at [C:\re\workspace\8-2-build-windows-amd64-cygwin\jdk8u20\927.nc\hotspot\src\share\vm\prims\jvm.cpp, line 1275]
Event: 0.740 Thread 0x0000000057dcf000 Exception <a 'java/security/PrivilegedActionException'> (0x00000000e0f40380) thrown at [C:\re\workspace\8-2-build-windows-amd64-cygwin\jdk8u20\927.nc\hotspot\src\share\vm\prims\jvm.cpp, line 1275]
Event: 0.741 Thread 0x0000000057dcf000 Exception <a 'java/security/PrivilegedActionException'> (0x00000000e0f44da0) thrown at [C:\re\workspace\8-2-build-windows-amd64-cygwin\jdk8u20\927.nc\hotspot\src\share\vm\prims\jvm.cpp, line 1275]
Event: 0.742 Thread 0x0000000057dcf000 Exception <a 'java/security/PrivilegedActionException'> (0x00000000e0f4ab78) thrown at [C:\re\workspace\8-2-build-windows-amd64-cygwin\jdk8u20\927.nc\hotspot\src\share\vm\prims\jvm.cpp, line 1275]
Event: 0.744 Thread 0x0000000057dcf000 Exception <a 'java/security/PrivilegedActionException'> (0x00000000e0f4e9d0) thrown at [C:\re\workspace\8-2-build-windows-amd64-cygwin\jdk8u20\927.nc\hotspot\src\share\vm\prims\jvm.cpp, line 1275]
Event: 0.747 Thread 0x0000000057dcf000 Exception <a 'java/security/PrivilegedActionException'> (0x00000000e0f566f0) thrown at [C:\re\workspace\8-2-build-windows-amd64-cygwin\jdk8u20\927.nc\hotspot\src\share\vm\prims\jvm.cpp, line 1275]
Event: 0.749 Thread 0x0000000057dcf000 Exception <a 'java/security/PrivilegedActionException'> (0x00000000e0f5af48) thrown at [C:\re\workspace\8-2-build-windows-amd64-cygwin\jdk8u20\927.nc\hotspot\src\share\vm\prims\jvm.cpp, line 1275]
Event: 0.750 Thread 0x0000000057dcf000 Exception <a 'java/security/PrivilegedActionException'> (0x00000000e0f5f820) thrown at [C:\re\workspace\8-2-build-windows-amd64-cygwin\jdk8u20\927.nc\hotspot\src\share\vm\prims\jvm.cpp, line 1275]
Event: 1.752 Thread 0x0000000057dcf000 Exception <a 'java/security/PrivilegedActionException'> (0x00000000e0f63d30) thrown at [C:\re\workspace\8-2-build-windows-amd64-cygwin\jdk8u20\927.nc\hotspot\src\share\vm\prims\jvm.cpp, line 1275]
Event: 1.753 Thread 0x0000000057dcf000 Exception <a 'java/security/PrivilegedActionException'> (0x00000000e0f6e8d8) thrown at [C:\re\workspace\8-2-build-windows-amd64-cygwin\jdk8u20\927.nc\hotspot\src\share\vm\prims\jvm.cpp, line 1275]

Events (10 events):
Event: 0.748 loading class org/lwjgl/opengl/Sync$RunningAvg done
Event: 0.750 loading class org/lwjgl/opengl/Sync$1
Event: 0.750 loading class org/lwjgl/opengl/Sync$1 done
Event: 0.751 Thread 0x0000000059c42000 Thread added: 0x0000000059c42000
Event: 1.418 Thread 0x0000000057dcf000 DEOPT PACKING pc=0x000000000295062f sp=0x000000005974f2d0
Event: 1.418 Thread 0x0000000057dcf000 DEOPT UNPACKING pc=0x00000000027675bf sp=0x000000005974f0e0 mode 0
Event: 1.752 loading class org/lwjgl/opengl/WindowsKeycodes
Event: 1.752 loading class org/lwjgl/opengl/WindowsKeycodes done
Event: 1.753 loading class com/badlogic/gdx/backends/lwjgl/LwjglInput$KeyEvent
Event: 1.753 loading class com/badlogic/gdx/backends/lwjgl/LwjglInput$KeyEvent done


Dynamic libraries:
0x000000013fbf0000 - 0x000000013fc24000 	C:\Program Files\Java\jdk1.8.0_20\bin\javaw.exe
0x00000000776b0000 - 0x0000000077858000 	C:\Windows\SYSTEM32\ntdll.dll
0x0000000077590000 - 0x00000000776af000 	C:\Windows\system32\kernel32.dll
0x000007fefd4d0000 - 0x000007fefd53c000 	C:\Windows\system32\KERNELBASE.dll
0x000007fefe400000 - 0x000007fefe4db000 	C:\Windows\system32\ADVAPI32.dll
0x000007feff920000 - 0x000007feff9bf000 	C:\Windows\system32\msvcrt.dll
0x000007fefdc40000 - 0x000007fefdc5f000 	C:\Windows\SYSTEM32\sechost.dll
0x000007fefd850000 - 0x000007fefd97d000 	C:\Windows\system32\RPCRT4.dll
0x0000000077490000 - 0x000000007758a000 	C:\Windows\system32\USER32.dll
0x000007fefe5b0000 - 0x000007fefe617000 	C:\Windows\system32\GDI32.dll
0x000007fefdb90000 - 0x000007fefdb9e000 	C:\Windows\system32\LPK.dll
0x000007fefe4e0000 - 0x000007fefe5a9000 	C:\Windows\system32\USP10.dll
0x000007fefbff0000 - 0x000007fefc1e4000 	C:\Windows\WinSxS\amd64_microsoft.windows.common-controls_6595b64144ccf1df_6.0.7601.18807_none_fa381d5f175bfb52\COMCTL32.dll
0x000007fefdb10000 - 0x000007fefdb81000 	C:\Windows\system32\SHLWAPI.dll
0x000007feff450000 - 0x000007feff47e000 	C:\Windows\system32\IMM32.DLL
0x000007fefd980000 - 0x000007fefda89000 	C:\Windows\system32\MSCTF.dll
0x0000000068180000 - 0x0000000068252000 	C:\Program Files\Java\jdk1.8.0_20\jre\bin\msvcr100.dll
0x00000000603b0000 - 0x0000000060c08000 	C:\Program Files\Java\jdk1.8.0_20\jre\bin\server\jvm.dll
0x000007fef84f0000 - 0x000007fef84f9000 	C:\Windows\system32\WSOCK32.dll
0x000007feff480000 - 0x000007feff4cd000 	C:\Windows\system32\WS2_32.dll
0x000007fefdcc0000 - 0x000007fefdcc8000 	C:\Windows\system32\NSI.dll
0x000007fefb920000 - 0x000007fefb95b000 	C:\Windows\system32\WINMM.dll
0x0000000077870000 - 0x0000000077877000 	C:\Windows\system32\PSAPI.DLL
0x0000000071520000 - 0x000000007152f000 	C:\Program Files\Java\jdk1.8.0_20\jre\bin\verify.dll
0x00000000712a0000 - 0x00000000712c8000 	C:\Program Files\Java\jdk1.8.0_20\jre\bin\java.dll
0x0000000071280000 - 0x0000000071296000 	C:\Program Files\Java\jdk1.8.0_20\jre\bin\zip.dll
0x000007fefe6c0000 - 0x000007feff449000 	C:\Windows\system32\SHELL32.dll
0x000007fefdf20000 - 0x000007fefe123000 	C:\Windows\system32\ole32.dll
0x000007fefd480000 - 0x000007fefd48f000 	C:\Windows\system32\profapi.dll
0x0000000065580000 - 0x0000000065616000 	C:\Users\Harun\AppData\Local\Temp\libgdxHarun\88a71714\gdx64.dll
0x000007fefcc70000 - 0x000007fefcc88000 	C:\Windows\system32\CRYPTSP.dll
0x000007fefc970000 - 0x000007fefc9b7000 	C:\Windows\system32\rsaenh.dll
0x000007fefd730000 - 0x000007fefd74e000 	C:\Windows\system32\USERENV.dll
0x000007fefd2d0000 - 0x000007fefd2df000 	C:\Windows\system32\CRYPTBASE.dll
0x0000000071260000 - 0x000000007127a000 	C:\Program Files\Java\jdk1.8.0_20\jre\bin\net.dll
0x000007fefcc10000 - 0x000007fefcc65000 	C:\Windows\system32\mswsock.dll
0x000007fefcc00000 - 0x000007fefcc07000 	C:\Windows\System32\wship6.dll
0x000007fefac10000 - 0x000007fefac37000 	C:\Windows\system32\IPHLPAPI.DLL
0x000007fefabe0000 - 0x000007fefabeb000 	C:\Windows\system32\WINNSI.DLL
0x000007fefa8d0000 - 0x000007fefa8e8000 	C:\Windows\system32\dhcpcsvc.DLL
0x000007fefa8b0000 - 0x000007fefa8c1000 	C:\Windows\system32\dhcpcsvc6.DLL
0x0000000071240000 - 0x0000000071251000 	C:\Program Files\Java\jdk1.8.0_20\jre\bin\nio.dll
0x0000000180000000 - 0x0000000180053000 	C:\Users\Harun\AppData\Local\Temp\libgdxHarun\dc0f0009\lwjgl64.dll
0x000007fee6ac0000 - 0x000007fee6bdd000 	C:\Windows\system32\OPENGL32.dll
0x000007fef1610000 - 0x000007fef163d000 	C:\Windows\system32\GLU32.dll
0x000007fee8840000 - 0x000007fee8931000 	C:\Windows\system32\DDRAW.dll
0x000007fefbe40000 - 0x000007fefbe48000 	C:\Windows\system32\DCIMAN32.dll
0x000007feff4d0000 - 0x000007feff6a7000 	C:\Windows\system32\SETUPAPI.dll
0x000007fefd7f0000 - 0x000007fefd826000 	C:\Windows\system32\CFGMGR32.dll
0x000007feff6b0000 - 0x000007feff787000 	C:\Windows\system32\OLEAUT32.dll
0x000007fefd4b0000 - 0x000007fefd4ca000 	C:\Windows\system32\DEVOBJ.dll
0x000007fefb500000 - 0x000007fefb518000 	C:\Windows\system32\dwmapi.dll
0x000007fefc560000 - 0x000007fefc56c000 	C:\Windows\system32\VERSION.dll
0x0000000001cf0000 - 0x0000000001d54000 	C:\Users\Harun\AppData\Local\Temp\libgdxHarun\dc0f0009\OpenAL64.dll
0x000007fefb9f0000 - 0x000007fefba46000 	C:\Windows\system32\uxtheme.dll
0x000007fefe620000 - 0x000007fefe6b9000 	C:\Windows\system32\CLBCatQ.DLL
0x000007fefbad0000 - 0x000007fefbbfc000 	C:\Windows\System32\PROPSYS.dll
0x000007fefd570000 - 0x000007fefd5ab000 	C:\Windows\system32\WINTRUST.dll
0x000007fefd5c0000 - 0x000007fefd72d000 	C:\Windows\system32\CRYPT32.dll
0x000007fefd470000 - 0x000007fefd47f000 	C:\Windows\system32\MSASN1.dll
0x000007fefb960000 - 0x000007fefb9e8000 	C:\Windows\system32\dsound.dll
0x000007fefc4e0000 - 0x000007fefc50c000 	C:\Windows\system32\POWRPROF.dll
0x000007fefba70000 - 0x000007fefbabb000 	C:\Windows\System32\MMDevApi.dll
0x000007fefb300000 - 0x000007fefb34f000 	C:\Windows\system32\AUDIOSES.DLL
0x000007fefafe0000 - 0x000007fefafe8000 	C:\Windows\system32\atig6pxx.dll
0x0000000059f50000 - 0x000000005b13b000 	C:\Windows\system32\ig4icd64.dll
0x000007fef86c0000 - 0x000007fef86ce000 	C:\Windows\system32\atig6txx.dll
0x0000000070ce0000 - 0x0000000070db5000 	C:\Windows\system32\aticfx64.dll
0x000007fee8730000 - 0x000007fee87cc000 	C:\Windows\system32\mscms.dll
0x000007fee84d0000 - 0x000007fee8512000 	C:\Windows\system32\icm32.dll
0x0000000066bc0000 - 0x0000000066c7b000 	C:\Users\Harun\AppData\Local\Temp\libgdxHarun\364d8f01\gdx-box2d64.dll

VM Arguments:
jvm_args: -Dfile.encoding=Cp1254 
java_command: com.mygdx.game.desktop.DesktopLauncher
java_class_path (initial): C:\Users\Harun\Desktop\test\desktop\bin;C:\Users\Harun\.gradle\caches\modules-2\files-2.1\com.badlogicgames.gdx\gdx-backend-lwjgl\1.6.2\2f75f0807864ffc2f7cbf25a6e43543ce63d21a5\gdx-backend-lwjgl-1.6.2.jar;C:\Users\Harun\.gradle\caches\modules-2\files-2.1\com.badlogicgames.gdx\gdx-box2d-platform\1.6.2\47ac6e45b6994f6a2b15e42fd567cece6c7bec7c\gdx-box2d-platform-1.6.2-natives-desktop.jar;C:\Users\Harun\.gradle\caches\modules-2\files-2.1\com.badlogicgames.gdx\gdx-platform\1.6.2\c3f948f4394338a5411b1f6f2791a608a9a42286\gdx-platform-1.6.2-natives-desktop.jar;C:\Users\Harun\.gradle\caches\modules-2\files-2.1\com.badlogicgames.gdx\gdx\1.6.2\b70b1eb9da71076aa47ac8932b42358b00db84a0\gdx-1.6.2.jar;C:\Users\Harun\.gradle\caches\modules-2\files-2.1\com.badlogicgames.jlayer\jlayer\1.0.1-gdx\7cca83cec5c1b2f011362f4d85aabd71a73b049d\jlayer-1.0.1-gdx.jar;C:\Users\Harun\.gradle\caches\modules-2\files-2.1\net.java.jinput\jinput-platform\2.0.5\385ee093e01f587f30ee1c8a2ee7d408fd732e16\jinput-platform-2.0.5-natives-windows.jar;C:\Users\Harun\.gradle\caches\modules-2\files-2.1\net.java.jinput\jinput-platform\2.0.5\53f9c919f34d2ca9de8c51fc4e1e8282029a9232\jinput-platform-2.0.5-natives-osx.jar;C:\Users\Harun\.gradle\caches\modules-2\files-2.1\net.java.jinput\jinput-platform\2.0.5\7ff832a6eb9ab6a767f1ade2b548092d0fa64795\jinput-platform-2.0.5-natives-linux.jar;C:\Users\Harun\.gradle\caches\modules-2\files-2.1\net.java.jinput\jinput\2.0.5\39c7796b469a600f72380316f6b1f11db6c2c7c4\jinput-2.0.5.jar;C:\Users\Harun\.gradle\caches\modules-2\files-2.1\net.java.jutils\jutils\1.0.0\e12fe1fda814bd348c1579329c86943d2cd3c6a6\jutils-1.0.0.jar;C:\Users\Harun\.gradle\caches\modules-2\files-2.1\org.jcraft\jorbis\0.0.17\8872d22b293e8f5d7d56ff92be966e6dc28ebdc6\jorbis-0.0.17.jar;C:\Users\Harun\.gradle\caches\modules-2\files-2.1\org.lwjgl.lwjgl\lwjgl-platform\2.9.2\510c7d317f5e9e700b9cfaac5fd38bdebf0702e0\lwjgl-platform-2.9.2-natives-windows.jar;C:\Users\Harun\.gradle\caches\modules
Launcher Type: SUN_STANDARD

Environment Variables:
PATH=c:\Program Files (x86)\AMD APP\bin\x86_64;c:\Program Files (x86)\AMD APP\bin\x86;C:\TclDevKit\bin;C:\Tcl\bin;C:\ProgramData\Oracle\Java\javapath;C:\Program Files\Haskell\bin;C:\Program Files\Haskell Platform\2014.2.0.0\lib\extralibs\bin;C:\Program Files\Haskell Platform\2014.2.0.0\bin;C:\Program Files\Broadcom\Broadcom 802.11\Driver;C:\Windows\system32;C:\Windows;C:\Windows\System32\Wbem;C:\Windows\System32\WindowsPowerShell\v1.0\;c:\Program Files (x86)\ATI Technologies\ATI.ACE\Core-Static;C:\Program Files\Haskell Platform\2014.2.0.0\mingw\bin;C:\Program Files (x86)\Windows Kits\8.1\Windows Performance Toolkit\;C:\Program Files\Microsoft SQL Server\110\Tools\Binn\;C:\Program Files\MySQL\MySQL Server 5.1\bin;C:\Program Files (x86)\MySQL\MySQL Utilities\;C:\Program Files (x86)\MySQL\MySQL Utilities\Doctrine extensions for PHP\;C:\Program Files (x86)\AMD\ATI.ACE\Core-Static;C:\Users\Harun\AppData\Roaming\cabal\bin
USERNAME=Harun
OS=Windows_NT
PROCESSOR_IDENTIFIER=Intel64 Family 6 Model 42 Stepping 7, GenuineIntel



---------------  S Y S T E M  ---------------

OS: Windows 7 , 64 bit Build 7601 Service Pack 1

CPU:total 4 (2 cores per cpu, 2 threads per core) family 6 model 42 stepping 7, cmov, cx8, fxsr, mmx, sse, sse2, sse3, ssse3, sse4.1, sse4.2, popcnt, avx, aes, clmul, ht, tsc, tscinvbit

Memory: 4k page, physical 6238064k(2638216k free), swap 12474276k(7509944k free)

vm_info: Java HotSpot(TM) 64-Bit Server VM (25.20-b22) for windows-amd64 JRE (1.8.0_20-ea-b23), built on Jul 16 2014 01:43:33 by "java_re" with MS VC++ 10.0 (VS2010)

time: Thu Jul 02 22:00:33 2015
elapsed time: 1 seconds (0d 0h 0m 1s)

