#
# A fatal error has been detected by the Java Runtime Environment:
#
#  EXCEPTION_ACCESS_VIOLATION (0xc0000005) at pc=0x0000000000000000, pid=6192, tid=3456
#
# JRE version: Java(TM) SE Runtime Environment (8.0_20-b23) (build 1.8.0_20-ea-b23)
# Java VM: Java HotSpot(TM) 64-Bit Server VM (25.20-b22 mixed mode windows-amd64 compressed oops)
# Problematic frame:
# C  0x0000000000000000
#
# Failed to write core dump. Minidumps are not enabled by default on client versions of Windows
#
# If you would like to submit a bug report, please visit:
#   http://bugreport.sun.com/bugreport/crash.jsp
# The crash happened outside the Java Virtual Machine in native code.
# See problematic frame for where to report the bug.
#

---------------  T H R E A D  ---------------

Current thread (0x0000000057d76800):  JavaThread "LWJGL Application" [_thread_in_native, id=3456, stack(0x0000000059880000,0x0000000059980000)]

siginfo: ExceptionCode=0xc0000005, ExceptionInformation=0x0000000000000008 0x0000000000000000

Registers:
RAX=0x00000000004aceb0, RBX=0x00000000003a6750, RCX=0x00000000003a2660, RDX=0x0000000000388750
RSP=0x000000005997eab8, RBP=0x0000000000388750, RSI=0x000000005997eb80, RDI=0x0000000000388750
R8 =0x00000000003a2800, R9 =0x000000005997eb80, R10=0x00000000027c5b28, R11=0x00000000605c1280
R12=0x0000000000000000, R13=0x0000000055f1d388, R14=0x000000005997ed00, R15=0x0000000057d76800
RIP=0x0000000000000000, EFLAGS=0x0000000000010206

Top of Stack: (sp=0x000000005997eab8)
0x000000005997eab8:   0000000066be047c 00000000000000b6
0x000000005997eac8:   000000005997ec00 000000000000000d
0x000000005997ead8:   00000000003a2800 0000000055920488
0x000000005997eae8:   00000000003a2800 00000000003a6750
0x000000005997eaf8:   0000000000388750 000000005997eb80
0x000000005997eb08:   0000000066bdf2d9 000000000000000d
0x000000005997eb18:   000000006049b3bd 0000000057d76800
0x000000005997eb28:   000000005997eb68 000000005997ed70
0x000000005997eb38:   0000000055f1d388 0000000055920488
0x000000005997eb48:   000000000002b0d8 000000005997ec88
0x000000005997eb58:   0000000066be64bd 00000000000000b6
0x000000005997eb68:   000000005997eca8 0000000000000066
0x000000005997eb78:   0000000055f29700 00000000003a2660
0x000000005997eb88:   0000000000000000 3f19999a00000000
0x000000005997eb98:   000100003f000000 000000000000ffff
0x000000005997eba8:   000000005997eca0 0000000055f28900 

Instructions: (pc=0x0000000000000000)
0xffffffffffffffe0:   


Register to memory mapping:

RAX=0x00000000004aceb0 is an unknown value
RBX=0x00000000003a6750 is an unknown value
RCX=0x00000000003a2660 is an unknown value
RDX=0x0000000000388750 is an unknown value
RSP=0x000000005997eab8 is pointing into the stack for thread: 0x0000000057d76800
RBP=0x0000000000388750 is an unknown value
RSI=0x000000005997eb80 is pointing into the stack for thread: 0x0000000057d76800
RDI=0x0000000000388750 is an unknown value
R8 =0x00000000003a2800 is an unknown value
R9 =0x000000005997eb80 is pointing into the stack for thread: 0x0000000057d76800
R10=0x00000000027c5b28 is at code_begin+840 in an Interpreter codelet
method entry point (kind = native)  [0x00000000027c57e0, 0x00000000027c6140]  2400 bytes
R11=0x00000000605c1280 is an unknown value
R12=0x0000000000000000 is an unknown value
R13={method} {0x0000000055f1d390} 'jniCreateFixture' '(JJFFFZSSS)J' in 'com/badlogic/gdx/physics/box2d/Body'
R14=0x000000005997ed00 is pointing into the stack for thread: 0x0000000057d76800
R15=0x0000000057d76800 is a thread


Stack: [0x0000000059880000,0x0000000059980000],  sp=0x000000005997eab8,  free space=1018k
Native frames: (J=compiled Java code, j=interpreted, Vv=VM code, C=native code)

Java frames: (J=compiled Java code, j=interpreted, Vv=VM code)
j  com.badlogic.gdx.physics.box2d.Body.jniCreateFixture(JJFFFZSSS)J+0
j  com.badlogic.gdx.physics.box2d.Body.createFixture(Lcom/badlogic/gdx/physics/box2d/FixtureDef;)Lcom/badlogic/gdx/physics/box2d/Fixture;+49
j  com.mygdx.game.PhysicalBody$1.keyDown(I)Z+158
j  com.badlogic.gdx.backends.lwjgl.LwjglInput.processEvents()V+98
j  com.badlogic.gdx.backends.lwjgl.LwjglApplication.mainLoop()V+586
j  com.badlogic.gdx.backends.lwjgl.LwjglApplication$1.run()V+27
v  ~StubRoutines::call_stub

---------------  P R O C E S S  ---------------

Java Threads: ( => current thread )
  0x0000000059ba0800 JavaThread "LWJGL Timer" daemon [_thread_blocked, id=6632, stack(0x000000005e340000,0x000000005e440000)]
  0x00000000001ef000 JavaThread "DestroyJavaVM" [_thread_blocked, id=5128, stack(0x00000000023e0000,0x00000000024e0000)]
=>0x0000000057d76800 JavaThread "LWJGL Application" [_thread_in_native, id=3456, stack(0x0000000059880000,0x0000000059980000)]
  0x0000000057af5000 JavaThread "Service Thread" daemon [_thread_blocked, id=6352, stack(0x0000000057540000,0x0000000057640000)]
  0x0000000057a82800 JavaThread "C1 CompilerThread2" daemon [_thread_blocked, id=6180, stack(0x0000000058220000,0x0000000058320000)]
  0x000000005631f000 JavaThread "C2 CompilerThread1" daemon [_thread_blocked, id=3128, stack(0x0000000058070000,0x0000000058170000)]
  0x0000000056316800 JavaThread "C2 CompilerThread0" daemon [_thread_blocked, id=6236, stack(0x0000000057ec0000,0x0000000057fc0000)]
  0x0000000056315000 JavaThread "Attach Listener" daemon [_thread_blocked, id=6220, stack(0x0000000057970000,0x0000000057a70000)]
  0x0000000056311800 JavaThread "Signal Dispatcher" daemon [_thread_blocked, id=6252, stack(0x00000000577b0000,0x00000000578b0000)]
  0x00000000562b5800 JavaThread "Finalizer" daemon [_thread_blocked, id=2212, stack(0x0000000057680000,0x0000000057780000)]
  0x00000000562ac800 JavaThread "Reference Handler" daemon [_thread_blocked, id=7028, stack(0x00000000572b0000,0x00000000573b0000)]

Other Threads:
  0x00000000562a6800 VMThread [stack: 0x00000000573d0000,0x00000000574d0000] [id=5912]
  0x0000000057b14000 WatcherThread [stack: 0x0000000058420000,0x0000000058520000] [id=6816]

VM state:not at safepoint (normal execution)

VM Mutex/Monitor currently owned by a thread: None

Heap:
 PSYoungGen      total 28672K, used 11937K [0x00000000e0400000, 0x00000000e2400000, 0x0000000100000000)
  eden space 24576K, 48% used [0x00000000e0400000,0x00000000e0fa86a0,0x00000000e1c00000)
  from space 4096K, 0% used [0x00000000e2000000,0x00000000e2000000,0x00000000e2400000)
  to   space 4096K, 0% used [0x00000000e1c00000,0x00000000e1c00000,0x00000000e2000000)
 ParOldGen       total 65536K, used 0K [0x00000000a0c00000, 0x00000000a4c00000, 0x00000000e0400000)
  object space 65536K, 0% used [0x00000000a0c00000,0x00000000a0c00000,0x00000000a4c00000)
 Metaspace       used 6589K, capacity 6915K, committed 7168K, reserved 1056768K
  class space    used 611K, capacity 656K, committed 768K, reserved 1048576K

Card table byte_map: [0x0000000011b70000,0x0000000011e70000] byte_map_base: 0x000000001166a000

Marking Bits: (ParMarkBitMap*) 0x0000000060b8b460
 Begin Bits: [0x0000000012680000, 0x0000000013e50000)
 End Bits:   [0x0000000013e50000, 0x0000000015620000)

Polling page: 0x0000000000430000

CodeCache: size=245760Kb used=2248Kb max_used=2258Kb free=243511Kb
 bounds [0x00000000027b0000, 0x0000000002a20000, 0x00000000117b0000]
 total_blobs=958 nmethods=498 adapters=374
 compilation: enabled

Compilation events (10 events):
Event: 1.446 Thread 0x0000000057a82800  494       3       com.badlogic.gdx.math.Matrix4::set (9 bytes)
Event: 1.447 Thread 0x0000000057a82800 nmethod 494 0x00000000029e0b90 code [0x00000000029e0d00, 0x00000000029e0f88]
Event: 1.447 Thread 0x0000000057a82800  495       3       com.badlogic.gdx.math.Matrix4::set (17 bytes)
Event: 1.447 Thread 0x0000000057a82800 nmethod 495 0x00000000029de590 code [0x00000000029de700, 0x00000000029de908]
Event: 1.447 Thread 0x0000000057a82800  496       3       com.badlogic.gdx.physics.box2d.ChainShape::getVertex (31 bytes)
Event: 1.447 Thread 0x0000000057a82800 nmethod 496 0x00000000029de090 code [0x00000000029de200, 0x00000000029de428]
Event: 1.480 Thread 0x0000000056316800  497       4       com.badlogic.gdx.math.Vector2::set (18 bytes)
Event: 1.480 Thread 0x0000000056316800 nmethod 497 0x00000000029d6b50 code [0x00000000029d6c80, 0x00000000029d6cf8]
Event: 1.546 Thread 0x0000000057a82800  498   !   3       org.lwjgl.opengl.Display::isCreated (17 bytes)
Event: 1.546 Thread 0x0000000057a82800 nmethod 498 0x00000000029ddb90 code [0x00000000029ddd00, 0x00000000029ddf70]

GC Heap History (0 events):
No events

Deoptimization events (0 events):
No events

Internal exceptions (10 events):
Event: 0.728 Thread 0x0000000057d76800 Exception <a 'java/security/PrivilegedActionException'> (0x00000000e0f2e1b0) thrown at [C:\re\workspace\8-2-build-windows-amd64-cygwin\jdk8u20\927.nc\hotspot\src\share\vm\prims\jvm.cpp, line 1275]
Event: 0.729 Thread 0x0000000057d76800 Exception <a 'java/security/PrivilegedActionException'> (0x00000000e0f323e8) thrown at [C:\re\workspace\8-2-build-windows-amd64-cygwin\jdk8u20\927.nc\hotspot\src\share\vm\prims\jvm.cpp, line 1275]
Event: 0.729 Thread 0x0000000057d76800 Exception <a 'java/security/PrivilegedActionException'> (0x00000000e0f36e08) thrown at [C:\re\workspace\8-2-build-windows-amd64-cygwin\jdk8u20\927.nc\hotspot\src\share\vm\prims\jvm.cpp, line 1275]
Event: 0.730 Thread 0x0000000057d76800 Exception <a 'java/security/PrivilegedActionException'> (0x00000000e0f3cbe0) thrown at [C:\re\workspace\8-2-build-windows-amd64-cygwin\jdk8u20\927.nc\hotspot\src\share\vm\prims\jvm.cpp, line 1275]
Event: 0.731 Thread 0x0000000057d76800 Exception <a 'java/security/PrivilegedActionException'> (0x00000000e0f40a38) thrown at [C:\re\workspace\8-2-build-windows-amd64-cygwin\jdk8u20\927.nc\hotspot\src\share\vm\prims\jvm.cpp, line 1275]
Event: 0.734 Thread 0x0000000057d76800 Exception <a 'java/security/PrivilegedActionException'> (0x00000000e0f48758) thrown at [C:\re\workspace\8-2-build-windows-amd64-cygwin\jdk8u20\927.nc\hotspot\src\share\vm\prims\jvm.cpp, line 1275]
Event: 0.737 Thread 0x0000000057d76800 Exception <a 'java/security/PrivilegedActionException'> (0x00000000e0f4cfb0) thrown at [C:\re\workspace\8-2-build-windows-amd64-cygwin\jdk8u20\927.nc\hotspot\src\share\vm\prims\jvm.cpp, line 1275]
Event: 0.738 Thread 0x0000000057d76800 Exception <a 'java/security/PrivilegedActionException'> (0x00000000e0f51888) thrown at [C:\re\workspace\8-2-build-windows-amd64-cygwin\jdk8u20\927.nc\hotspot\src\share\vm\prims\jvm.cpp, line 1275]
Event: 1.562 Thread 0x0000000057d76800 Exception <a 'java/security/PrivilegedActionException'> (0x00000000e0f55ba8) thrown at [C:\re\workspace\8-2-build-windows-amd64-cygwin\jdk8u20\927.nc\hotspot\src\share\vm\prims\jvm.cpp, line 1275]
Event: 1.563 Thread 0x0000000057d76800 Exception <a 'java/security/PrivilegedActionException'> (0x00000000e0f60750) thrown at [C:\re\workspace\8-2-build-windows-amd64-cygwin\jdk8u20\927.nc\hotspot\src\share\vm\prims\jvm.cpp, line 1275]

Events (10 events):
Event: 0.737 loading class org/lwjgl/opengl/Sync$RunningAvg done
Event: 0.738 loading class org/lwjgl/opengl/Sync$1
Event: 0.738 loading class org/lwjgl/opengl/Sync$1 done
Event: 0.739 Thread 0x0000000059ba0800 Thread added: 0x0000000059ba0800
Event: 1.412 Thread 0x0000000057d76800 DEOPT PACKING pc=0x00000000029db46f sp=0x000000005997ecd0
Event: 1.412 Thread 0x0000000057d76800 DEOPT UNPACKING pc=0x00000000027f75bf sp=0x000000005997eae0 mode 0
Event: 1.562 loading class org/lwjgl/opengl/WindowsKeycodes
Event: 1.562 loading class org/lwjgl/opengl/WindowsKeycodes done
Event: 1.563 loading class com/badlogic/gdx/backends/lwjgl/LwjglInput$KeyEvent
Event: 1.563 loading class com/badlogic/gdx/backends/lwjgl/LwjglInput$KeyEvent done


Dynamic libraries:
0x000000013ff60000 - 0x000000013ff94000 	C:\Program Files\Java\jdk1.8.0_20\bin\javaw.exe
0x00000000776b0000 - 0x0000000077858000 	C:\Windows\SYSTEM32\ntdll.dll
0x0000000077590000 - 0x00000000776af000 	C:\Windows\system32\kernel32.dll
0x000007fefd4d0000 - 0x000007fefd53c000 	C:\Windows\system32\KERNELBASE.dll
0x000007fefe400000 - 0x000007fefe4db000 	C:\Windows\system32\ADVAPI32.dll
0x000007feff920000 - 0x000007feff9bf000 	C:\Windows\system32\msvcrt.dll
0x000007fefdc40000 - 0x000007fefdc5f000 	C:\Windows\SYSTEM32\sechost.dll
0x000007fefd850000 - 0x000007fefd97d000 	C:\Windows\system32\RPCRT4.dll
0x0000000077490000 - 0x000000007758a000 	C:\Windows\system32\USER32.dll
0x000007fefe5b0000 - 0x000007fefe617000 	C:\Windows\system32\GDI32.dll
0x000007fefdb90000 - 0x000007fefdb9e000 	C:\Windows\system32\LPK.dll
0x000007fefe4e0000 - 0x000007fefe5a9000 	C:\Windows\system32\USP10.dll
0x000007fefbff0000 - 0x000007fefc1e4000 	C:\Windows\WinSxS\amd64_microsoft.windows.common-controls_6595b64144ccf1df_6.0.7601.18807_none_fa381d5f175bfb52\COMCTL32.dll
0x000007fefdb10000 - 0x000007fefdb81000 	C:\Windows\system32\SHLWAPI.dll
0x000007feff450000 - 0x000007feff47e000 	C:\Windows\system32\IMM32.DLL
0x000007fefd980000 - 0x000007fefda89000 	C:\Windows\system32\MSCTF.dll
0x0000000068180000 - 0x0000000068252000 	C:\Program Files\Java\jdk1.8.0_20\jre\bin\msvcr100.dll
0x00000000603b0000 - 0x0000000060c08000 	C:\Program Files\Java\jdk1.8.0_20\jre\bin\server\jvm.dll
0x000007fef84f0000 - 0x000007fef84f9000 	C:\Windows\system32\WSOCK32.dll
0x000007feff480000 - 0x000007feff4cd000 	C:\Windows\system32\WS2_32.dll
0x000007fefdcc0000 - 0x000007fefdcc8000 	C:\Windows\system32\NSI.dll
0x000007fefb920000 - 0x000007fefb95b000 	C:\Windows\system32\WINMM.dll
0x0000000077870000 - 0x0000000077877000 	C:\Windows\system32\PSAPI.DLL
0x0000000071520000 - 0x000000007152f000 	C:\Program Files\Java\jdk1.8.0_20\jre\bin\verify.dll
0x00000000712a0000 - 0x00000000712c8000 	C:\Program Files\Java\jdk1.8.0_20\jre\bin\java.dll
0x0000000071280000 - 0x0000000071296000 	C:\Program Files\Java\jdk1.8.0_20\jre\bin\zip.dll
0x000007fefe6c0000 - 0x000007feff449000 	C:\Windows\system32\SHELL32.dll
0x000007fefdf20000 - 0x000007fefe123000 	C:\Windows\system32\ole32.dll
0x000007fefd480000 - 0x000007fefd48f000 	C:\Windows\system32\profapi.dll
0x0000000065580000 - 0x0000000065616000 	C:\Users\Harun\AppData\Local\Temp\libgdxHarun\88a71714\gdx64.dll
0x000007fefcc70000 - 0x000007fefcc88000 	C:\Windows\system32\CRYPTSP.dll
0x000007fefc970000 - 0x000007fefc9b7000 	C:\Windows\system32\rsaenh.dll
0x000007fefd730000 - 0x000007fefd74e000 	C:\Windows\system32\USERENV.dll
0x000007fefd2d0000 - 0x000007fefd2df000 	C:\Windows\system32\CRYPTBASE.dll
0x0000000071260000 - 0x000000007127a000 	C:\Program Files\Java\jdk1.8.0_20\jre\bin\net.dll
0x000007fefcc10000 - 0x000007fefcc65000 	C:\Windows\system32\mswsock.dll
0x000007fefcc00000 - 0x000007fefcc07000 	C:\Windows\System32\wship6.dll
0x000007fefac10000 - 0x000007fefac37000 	C:\Windows\system32\IPHLPAPI.DLL
0x000007fefabe0000 - 0x000007fefabeb000 	C:\Windows\system32\WINNSI.DLL
0x000007fefa8d0000 - 0x000007fefa8e8000 	C:\Windows\system32\dhcpcsvc.DLL
0x000007fefa8b0000 - 0x000007fefa8c1000 	C:\Windows\system32\dhcpcsvc6.DLL
0x0000000071240000 - 0x0000000071251000 	C:\Program Files\Java\jdk1.8.0_20\jre\bin\nio.dll
0x0000000180000000 - 0x0000000180053000 	C:\Users\Harun\AppData\Local\Temp\libgdxHarun\dc0f0009\lwjgl64.dll
0x000007fee6ac0000 - 0x000007fee6bdd000 	C:\Windows\system32\OPENGL32.dll
0x000007fef1610000 - 0x000007fef163d000 	C:\Windows\system32\GLU32.dll
0x000007fee8840000 - 0x000007fee8931000 	C:\Windows\system32\DDRAW.dll
0x000007fefbe40000 - 0x000007fefbe48000 	C:\Windows\system32\DCIMAN32.dll
0x000007feff4d0000 - 0x000007feff6a7000 	C:\Windows\system32\SETUPAPI.dll
0x000007fefd7f0000 - 0x000007fefd826000 	C:\Windows\system32\CFGMGR32.dll
0x000007feff6b0000 - 0x000007feff787000 	C:\Windows\system32\OLEAUT32.dll
0x000007fefd4b0000 - 0x000007fefd4ca000 	C:\Windows\system32\DEVOBJ.dll
0x000007fefb500000 - 0x000007fefb518000 	C:\Windows\system32\dwmapi.dll
0x000007fefc560000 - 0x000007fefc56c000 	C:\Windows\system32\VERSION.dll
0x0000000002340000 - 0x00000000023a4000 	C:\Users\Harun\AppData\Local\Temp\libgdxHarun\dc0f0009\OpenAL64.dll
0x000007fefb9f0000 - 0x000007fefba46000 	C:\Windows\system32\uxtheme.dll
0x000007fefe620000 - 0x000007fefe6b9000 	C:\Windows\system32\CLBCatQ.DLL
0x000007fefbad0000 - 0x000007fefbbfc000 	C:\Windows\System32\PROPSYS.dll
0x000007fefd570000 - 0x000007fefd5ab000 	C:\Windows\system32\WINTRUST.dll
0x000007fefd5c0000 - 0x000007fefd72d000 	C:\Windows\system32\CRYPT32.dll
0x000007fefd470000 - 0x000007fefd47f000 	C:\Windows\system32\MSASN1.dll
0x000007fefb960000 - 0x000007fefb9e8000 	C:\Windows\system32\dsound.dll
0x000007fefc4e0000 - 0x000007fefc50c000 	C:\Windows\system32\POWRPROF.dll
0x000007fefba70000 - 0x000007fefbabb000 	C:\Windows\System32\MMDevApi.dll
0x000007fefb300000 - 0x000007fefb34f000 	C:\Windows\system32\AUDIOSES.DLL
0x000007fefafe0000 - 0x000007fefafe8000 	C:\Windows\system32\atig6pxx.dll
0x000000005a180000 - 0x000000005b36b000 	C:\Windows\system32\ig4icd64.dll
0x000007fef86c0000 - 0x000007fef86ce000 	C:\Windows\system32\atig6txx.dll
0x0000000070ce0000 - 0x0000000070db5000 	C:\Windows\system32\aticfx64.dll
0x000007fee8730000 - 0x000007fee87cc000 	C:\Windows\system32\mscms.dll
0x000007fee84d0000 - 0x000007fee8512000 	C:\Windows\system32\icm32.dll
0x0000000066bc0000 - 0x0000000066c7b000 	C:\Users\Harun\AppData\Local\Temp\libgdxHarun\364d8f01\gdx-box2d64.dll

VM Arguments:
jvm_args: -Dfile.encoding=Cp1254 
java_command: com.mygdx.game.desktop.DesktopLauncher
java_class_path (initial): C:\Users\Harun\Desktop\test\desktop\bin;C:\Users\Harun\.gradle\caches\modules-2\files-2.1\com.badlogicgames.gdx\gdx-backend-lwjgl\1.6.2\2f75f0807864ffc2f7cbf25a6e43543ce63d21a5\gdx-backend-lwjgl-1.6.2.jar;C:\Users\Harun\.gradle\caches\modules-2\files-2.1\com.badlogicgames.gdx\gdx-box2d-platform\1.6.2\47ac6e45b6994f6a2b15e42fd567cece6c7bec7c\gdx-box2d-platform-1.6.2-natives-desktop.jar;C:\Users\Harun\.gradle\caches\modules-2\files-2.1\com.badlogicgames.gdx\gdx-platform\1.6.2\c3f948f4394338a5411b1f6f2791a608a9a42286\gdx-platform-1.6.2-natives-desktop.jar;C:\Users\Harun\.gradle\caches\modules-2\files-2.1\com.badlogicgames.gdx\gdx\1.6.2\b70b1eb9da71076aa47ac8932b42358b00db84a0\gdx-1.6.2.jar;C:\Users\Harun\.gradle\caches\modules-2\files-2.1\com.badlogicgames.jlayer\jlayer\1.0.1-gdx\7cca83cec5c1b2f011362f4d85aabd71a73b049d\jlayer-1.0.1-gdx.jar;C:\Users\Harun\.gradle\caches\modules-2\files-2.1\net.java.jinput\jinput-platform\2.0.5\385ee093e01f587f30ee1c8a2ee7d408fd732e16\jinput-platform-2.0.5-natives-windows.jar;C:\Users\Harun\.gradle\caches\modules-2\files-2.1\net.java.jinput\jinput-platform\2.0.5\53f9c919f34d2ca9de8c51fc4e1e8282029a9232\jinput-platform-2.0.5-natives-osx.jar;C:\Users\Harun\.gradle\caches\modules-2\files-2.1\net.java.jinput\jinput-platform\2.0.5\7ff832a6eb9ab6a767f1ade2b548092d0fa64795\jinput-platform-2.0.5-natives-linux.jar;C:\Users\Harun\.gradle\caches\modules-2\files-2.1\net.java.jinput\jinput\2.0.5\39c7796b469a600f72380316f6b1f11db6c2c7c4\jinput-2.0.5.jar;C:\Users\Harun\.gradle\caches\modules-2\files-2.1\net.java.jutils\jutils\1.0.0\e12fe1fda814bd348c1579329c86943d2cd3c6a6\jutils-1.0.0.jar;C:\Users\Harun\.gradle\caches\modules-2\files-2.1\org.jcraft\jorbis\0.0.17\8872d22b293e8f5d7d56ff92be966e6dc28ebdc6\jorbis-0.0.17.jar;C:\Users\Harun\.gradle\caches\modules-2\files-2.1\org.lwjgl.lwjgl\lwjgl-platform\2.9.2\510c7d317f5e9e700b9cfaac5fd38bdebf0702e0\lwjgl-platform-2.9.2-natives-windows.jar;C:\Users\Harun\.gradle\caches\modules
Launcher Type: SUN_STANDARD

Environment Variables:
PATH=c:\Program Files (x86)\AMD APP\bin\x86_64;c:\Program Files (x86)\AMD APP\bin\x86;C:\TclDevKit\bin;C:\Tcl\bin;C:\ProgramData\Oracle\Java\javapath;C:\Program Files\Haskell\bin;C:\Program Files\Haskell Platform\2014.2.0.0\lib\extralibs\bin;C:\Program Files\Haskell Platform\2014.2.0.0\bin;C:\Program Files\Broadcom\Broadcom 802.11\Driver;C:\Windows\system32;C:\Windows;C:\Windows\System32\Wbem;C:\Windows\System32\WindowsPowerShell\v1.0\;c:\Program Files (x86)\ATI Technologies\ATI.ACE\Core-Static;C:\Program Files\Haskell Platform\2014.2.0.0\mingw\bin;C:\Program Files (x86)\Windows Kits\8.1\Windows Performance Toolkit\;C:\Program Files\Microsoft SQL Server\110\Tools\Binn\;C:\Program Files\MySQL\MySQL Server 5.1\bin;C:\Program Files (x86)\MySQL\MySQL Utilities\;C:\Program Files (x86)\MySQL\MySQL Utilities\Doctrine extensions for PHP\;C:\Program Files (x86)\AMD\ATI.ACE\Core-Static;C:\Users\Harun\AppData\Roaming\cabal\bin
USERNAME=Harun
OS=Windows_NT
PROCESSOR_IDENTIFIER=Intel64 Family 6 Model 42 Stepping 7, GenuineIntel



---------------  S Y S T E M  ---------------

OS: Windows 7 , 64 bit Build 7601 Service Pack 1

CPU:total 4 (2 cores per cpu, 2 threads per core) family 6 model 42 stepping 7, cmov, cx8, fxsr, mmx, sse, sse2, sse3, ssse3, sse4.1, sse4.2, popcnt, avx, aes, clmul, ht, tsc, tscinvbit

Memory: 4k page, physical 6238064k(2642200k free), swap 12474276k(7509044k free)

vm_info: Java HotSpot(TM) 64-Bit Server VM (25.20-b22) for windows-amd64 JRE (1.8.0_20-ea-b23), built on Jul 16 2014 01:43:33 by "java_re" with MS VC++ 10.0 (VS2010)

time: Thu Jul 02 22:00:22 2015
elapsed time: 1 seconds (0d 0h 0m 1s)

